                              1 ;--------------------------------------------------------
                              2 ; File Created by SDCC : free open source ANSI-C Compiler
                              3 ; Version 3.6.8 #9946 (Linux)
                              4 ;--------------------------------------------------------
                              5 	.module cards
                              6 	.optsdcc -mz80
                              7 	
                              8 ;--------------------------------------------------------
                              9 ; Public variables in this module
                             10 ;--------------------------------------------------------
                             11 	.globl _s_cards_1
                             12 	.globl _s_cards_0
                             13 ;--------------------------------------------------------
                             14 ; special function registers
                             15 ;--------------------------------------------------------
                             16 ;--------------------------------------------------------
                             17 ; ram data
                             18 ;--------------------------------------------------------
                             19 	.area _DATA
                             20 ;--------------------------------------------------------
                             21 ; ram data
                             22 ;--------------------------------------------------------
                             23 	.area _INITIALIZED
                             24 ;--------------------------------------------------------
                             25 ; absolute external ram data
                             26 ;--------------------------------------------------------
                             27 	.area _DABS (ABS)
                             28 ;--------------------------------------------------------
                             29 ; global & static initialisations
                             30 ;--------------------------------------------------------
                             31 	.area _HOME
                             32 	.area _GSINIT
                             33 	.area _GSFINAL
                             34 	.area _GSINIT
                             35 ;--------------------------------------------------------
                             36 ; Home
                             37 ;--------------------------------------------------------
                             38 	.area _HOME
                             39 	.area _HOME
                             40 ;--------------------------------------------------------
                             41 ; code
                             42 ;--------------------------------------------------------
                             43 	.area _CODE
                             44 	.area _CODE
   0000                      45 _s_cards_0:
   0000 14                   46 	.db #0x14	; 20
   0001 F0                   47 	.db #0xf0	; 240
   0002 A0                   48 	.db #0xa0	; 160
   0003 00                   49 	.db #0x00	; 0
   0004 00                   50 	.db #0x00	; 0
   0005 00                   51 	.db #0x00	; 0
   0006 00                   52 	.db #0x00	; 0
   0007 00                   53 	.db #0x00	; 0
   0008 78                   54 	.db #0x78	; 120	'x'
   0009 F0                   55 	.db #0xf0	; 240
   000A F0                   56 	.db #0xf0	; 240
   000B FF                   57 	.db #0xff	; 255
   000C FF                   58 	.db #0xff	; 255
   000D FF                   59 	.db #0xff	; 255
   000E FF                   60 	.db #0xff	; 255
   000F 08                   61 	.db #0x08	; 8
   0010 F0                   62 	.db #0xf0	; 240
   0011 F0                   63 	.db #0xf0	; 240
   0012 F0                   64 	.db #0xf0	; 240
   0013 08                   65 	.db #0x08	; 8
   0014 00                   66 	.db #0x00	; 0
   0015 00                   67 	.db #0x00	; 0
   0016 00                   68 	.db #0x00	; 0
   0017 AA                   69 	.db #0xaa	; 170
   0018 F0                   70 	.db #0xf0	; 240
   0019 F0                   71 	.db #0xf0	; 240
   001A F0                   72 	.db #0xf0	; 240
   001B 08                   73 	.db #0x08	; 8
   001C 00                   74 	.db #0x00	; 0
   001D 00                   75 	.db #0x00	; 0
   001E 00                   76 	.db #0x00	; 0
   001F AA                   77 	.db #0xaa	; 170
   0020 F0                   78 	.db #0xf0	; 240
   0021 F0                   79 	.db #0xf0	; 240
   0022 F0                   80 	.db #0xf0	; 240
   0023 08                   81 	.db #0x08	; 8
   0024 00                   82 	.db #0x00	; 0
   0025 00                   83 	.db #0x00	; 0
   0026 00                   84 	.db #0x00	; 0
   0027 AA                   85 	.db #0xaa	; 170
   0028 F0                   86 	.db #0xf0	; 240
   0029 F0                   87 	.db #0xf0	; 240
   002A F0                   88 	.db #0xf0	; 240
   002B 08                   89 	.db #0x08	; 8
   002C 00                   90 	.db #0x00	; 0
   002D 00                   91 	.db #0x00	; 0
   002E 00                   92 	.db #0x00	; 0
   002F AA                   93 	.db #0xaa	; 170
   0030 F0                   94 	.db #0xf0	; 240
   0031 F0                   95 	.db #0xf0	; 240
   0032 F0                   96 	.db #0xf0	; 240
   0033 08                   97 	.db #0x08	; 8
   0034 00                   98 	.db #0x00	; 0
   0035 00                   99 	.db #0x00	; 0
   0036 00                  100 	.db #0x00	; 0
   0037 AA                  101 	.db #0xaa	; 170
   0038 50                  102 	.db #0x50	; 80	'P'
   0039 F0                  103 	.db #0xf0	; 240
   003A A4                  104 	.db #0xa4	; 164
   003B 00                  105 	.db #0x00	; 0
   003C 00                  106 	.db #0x00	; 0
   003D 00                  107 	.db #0x00	; 0
   003E 00                  108 	.db #0x00	; 0
   003F AA                  109 	.db #0xaa	; 170
   0040 55                  110 	.db #0x55	; 85	'U'
   0041 0C                  111 	.db #0x0c	; 12
   0042 08                  112 	.db #0x08	; 8
   0043 00                  113 	.db #0x00	; 0
   0044 00                  114 	.db #0x00	; 0
   0045 00                  115 	.db #0x00	; 0
   0046 00                  116 	.db #0x00	; 0
   0047 AA                  117 	.db #0xaa	; 170
   0048 55                  118 	.db #0x55	; 85	'U'
   0049 00                  119 	.db #0x00	; 0
   004A 00                  120 	.db #0x00	; 0
   004B 00                  121 	.db #0x00	; 0
   004C 00                  122 	.db #0x00	; 0
   004D 00                  123 	.db #0x00	; 0
   004E 00                  124 	.db #0x00	; 0
   004F AA                  125 	.db #0xaa	; 170
   0050 55                  126 	.db #0x55	; 85	'U'
   0051 00                  127 	.db #0x00	; 0
   0052 00                  128 	.db #0x00	; 0
   0053 00                  129 	.db #0x00	; 0
   0054 00                  130 	.db #0x00	; 0
   0055 00                  131 	.db #0x00	; 0
   0056 00                  132 	.db #0x00	; 0
   0057 AA                  133 	.db #0xaa	; 170
   0058 55                  134 	.db #0x55	; 85	'U'
   0059 00                  135 	.db #0x00	; 0
   005A AA                  136 	.db #0xaa	; 170
   005B 00                  137 	.db #0x00	; 0
   005C 00                  138 	.db #0x00	; 0
   005D 00                  139 	.db #0x00	; 0
   005E 00                  140 	.db #0x00	; 0
   005F AA                  141 	.db #0xaa	; 170
   0060 55                  142 	.db #0x55	; 85	'U'
   0061 00                  143 	.db #0x00	; 0
   0062 0C                  144 	.db #0x0c	; 12
   0063 00                  145 	.db #0x00	; 0
   0064 00                  146 	.db #0x00	; 0
   0065 00                  147 	.db #0x00	; 0
   0066 00                  148 	.db #0x00	; 0
   0067 AA                  149 	.db #0xaa	; 170
   0068 55                  150 	.db #0x55	; 85	'U'
   0069 00                  151 	.db #0x00	; 0
   006A 04                  152 	.db #0x04	; 4
   006B 00                  153 	.db #0x00	; 0
   006C 00                  154 	.db #0x00	; 0
   006D 00                  155 	.db #0x00	; 0
   006E 00                  156 	.db #0x00	; 0
   006F AA                  157 	.db #0xaa	; 170
   0070 55                  158 	.db #0x55	; 85	'U'
   0071 00                  159 	.db #0x00	; 0
   0072 04                  160 	.db #0x04	; 4
   0073 00                  161 	.db #0x00	; 0
   0074 00                  162 	.db #0x00	; 0
   0075 00                  163 	.db #0x00	; 0
   0076 00                  164 	.db #0x00	; 0
   0077 AA                  165 	.db #0xaa	; 170
   0078 55                  166 	.db #0x55	; 85	'U'
   0079 00                  167 	.db #0x00	; 0
   007A 04                  168 	.db #0x04	; 4
   007B 08                  169 	.db #0x08	; 8
   007C 00                  170 	.db #0x00	; 0
   007D 00                  171 	.db #0x00	; 0
   007E 00                  172 	.db #0x00	; 0
   007F AA                  173 	.db #0xaa	; 170
   0080 55                  174 	.db #0x55	; 85	'U'
   0081 00                  175 	.db #0x00	; 0
   0082 04                  176 	.db #0x04	; 4
   0083 08                  177 	.db #0x08	; 8
   0084 00                  178 	.db #0x00	; 0
   0085 00                  179 	.db #0x00	; 0
   0086 00                  180 	.db #0x00	; 0
   0087 AA                  181 	.db #0xaa	; 170
   0088 55                  182 	.db #0x55	; 85	'U'
   0089 00                  183 	.db #0x00	; 0
   008A 00                  184 	.db #0x00	; 0
   008B 08                  185 	.db #0x08	; 8
   008C 00                  186 	.db #0x00	; 0
   008D 00                  187 	.db #0x00	; 0
   008E 00                  188 	.db #0x00	; 0
   008F AA                  189 	.db #0xaa	; 170
   0090 55                  190 	.db #0x55	; 85	'U'
   0091 00                  191 	.db #0x00	; 0
   0092 00                  192 	.db #0x00	; 0
   0093 08                  193 	.db #0x08	; 8
   0094 00                  194 	.db #0x00	; 0
   0095 00                  195 	.db #0x00	; 0
   0096 00                  196 	.db #0x00	; 0
   0097 AA                  197 	.db #0xaa	; 170
   0098 55                  198 	.db #0x55	; 85	'U'
   0099 00                  199 	.db #0x00	; 0
   009A 00                  200 	.db #0x00	; 0
   009B 0C                  201 	.db #0x0c	; 12
   009C 00                  202 	.db #0x00	; 0
   009D 00                  203 	.db #0x00	; 0
   009E 00                  204 	.db #0x00	; 0
   009F AA                  205 	.db #0xaa	; 170
   00A0 55                  206 	.db #0x55	; 85	'U'
   00A1 00                  207 	.db #0x00	; 0
   00A2 00                  208 	.db #0x00	; 0
   00A3 0C                  209 	.db #0x0c	; 12
   00A4 00                  210 	.db #0x00	; 0
   00A5 00                  211 	.db #0x00	; 0
   00A6 00                  212 	.db #0x00	; 0
   00A7 AA                  213 	.db #0xaa	; 170
   00A8 55                  214 	.db #0x55	; 85	'U'
   00A9 00                  215 	.db #0x00	; 0
   00AA 00                  216 	.db #0x00	; 0
   00AB 04                  217 	.db #0x04	; 4
   00AC 00                  218 	.db #0x00	; 0
   00AD 00                  219 	.db #0x00	; 0
   00AE 00                  220 	.db #0x00	; 0
   00AF AA                  221 	.db #0xaa	; 170
   00B0 55                  222 	.db #0x55	; 85	'U'
   00B1 00                  223 	.db #0x00	; 0
   00B2 00                  224 	.db #0x00	; 0
   00B3 04                  225 	.db #0x04	; 4
   00B4 00                  226 	.db #0x00	; 0
   00B5 00                  227 	.db #0x00	; 0
   00B6 00                  228 	.db #0x00	; 0
   00B7 AA                  229 	.db #0xaa	; 170
   00B8 55                  230 	.db #0x55	; 85	'U'
   00B9 00                  231 	.db #0x00	; 0
   00BA 00                  232 	.db #0x00	; 0
   00BB 04                  233 	.db #0x04	; 4
   00BC 08                  234 	.db #0x08	; 8
   00BD 00                  235 	.db #0x00	; 0
   00BE 00                  236 	.db #0x00	; 0
   00BF AA                  237 	.db #0xaa	; 170
   00C0 55                  238 	.db #0x55	; 85	'U'
   00C1 00                  239 	.db #0x00	; 0
   00C2 00                  240 	.db #0x00	; 0
   00C3 04                  241 	.db #0x04	; 4
   00C4 08                  242 	.db #0x08	; 8
   00C5 00                  243 	.db #0x00	; 0
   00C6 00                  244 	.db #0x00	; 0
   00C7 AA                  245 	.db #0xaa	; 170
   00C8 55                  246 	.db #0x55	; 85	'U'
   00C9 00                  247 	.db #0x00	; 0
   00CA 00                  248 	.db #0x00	; 0
   00CB 04                  249 	.db #0x04	; 4
   00CC 08                  250 	.db #0x08	; 8
   00CD 00                  251 	.db #0x00	; 0
   00CE 00                  252 	.db #0x00	; 0
   00CF AA                  253 	.db #0xaa	; 170
   00D0 55                  254 	.db #0x55	; 85	'U'
   00D1 00                  255 	.db #0x00	; 0
   00D2 00                  256 	.db #0x00	; 0
   00D3 00                  257 	.db #0x00	; 0
   00D4 08                  258 	.db #0x08	; 8
   00D5 00                  259 	.db #0x00	; 0
   00D6 00                  260 	.db #0x00	; 0
   00D7 AA                  261 	.db #0xaa	; 170
   00D8 55                  262 	.db #0x55	; 85	'U'
   00D9 00                  263 	.db #0x00	; 0
   00DA 00                  264 	.db #0x00	; 0
   00DB 00                  265 	.db #0x00	; 0
   00DC 0C                  266 	.db #0x0c	; 12
   00DD 30                  267 	.db #0x30	; 48	'0'
   00DE 00                  268 	.db #0x00	; 0
   00DF AA                  269 	.db #0xaa	; 170
   00E0 55                  270 	.db #0x55	; 85	'U'
   00E1 00                  271 	.db #0x00	; 0
   00E2 00                  272 	.db #0x00	; 0
   00E3 00                  273 	.db #0x00	; 0
   00E4 18                  274 	.db #0x18	; 24
   00E5 20                  275 	.db #0x20	; 32
   00E6 00                  276 	.db #0x00	; 0
   00E7 AA                  277 	.db #0xaa	; 170
   00E8 55                  278 	.db #0x55	; 85	'U'
   00E9 00                  279 	.db #0x00	; 0
   00EA 00                  280 	.db #0x00	; 0
   00EB 00                  281 	.db #0x00	; 0
   00EC 30                  282 	.db #0x30	; 48	'0'
   00ED 00                  283 	.db #0x00	; 0
   00EE 00                  284 	.db #0x00	; 0
   00EF AA                  285 	.db #0xaa	; 170
   00F0 55                  286 	.db #0x55	; 85	'U'
   00F1 00                  287 	.db #0x00	; 0
   00F2 00                  288 	.db #0x00	; 0
   00F3 10                  289 	.db #0x10	; 16
   00F4 30                  290 	.db #0x30	; 48	'0'
   00F5 00                  291 	.db #0x00	; 0
   00F6 00                  292 	.db #0x00	; 0
   00F7 AA                  293 	.db #0xaa	; 170
   00F8 55                  294 	.db #0x55	; 85	'U'
   00F9 00                  295 	.db #0x00	; 0
   00FA 00                  296 	.db #0x00	; 0
   00FB 10                  297 	.db #0x10	; 16
   00FC 10                  298 	.db #0x10	; 16
   00FD 20                  299 	.db #0x20	; 32
   00FE 00                  300 	.db #0x00	; 0
   00FF AA                  301 	.db #0xaa	; 170
   0100 55                  302 	.db #0x55	; 85	'U'
   0101 00                  303 	.db #0x00	; 0
   0102 00                  304 	.db #0x00	; 0
   0103 00                  305 	.db #0x00	; 0
   0104 10                  306 	.db #0x10	; 16
   0105 20                  307 	.db #0x20	; 32
   0106 00                  308 	.db #0x00	; 0
   0107 AA                  309 	.db #0xaa	; 170
   0108 55                  310 	.db #0x55	; 85	'U'
   0109 00                  311 	.db #0x00	; 0
   010A 00                  312 	.db #0x00	; 0
   010B 00                  313 	.db #0x00	; 0
   010C 00                  314 	.db #0x00	; 0
   010D 20                  315 	.db #0x20	; 32
   010E 00                  316 	.db #0x00	; 0
   010F AA                  317 	.db #0xaa	; 170
   0110 55                  318 	.db #0x55	; 85	'U'
   0111 00                  319 	.db #0x00	; 0
   0112 00                  320 	.db #0x00	; 0
   0113 00                  321 	.db #0x00	; 0
   0114 00                  322 	.db #0x00	; 0
   0115 30                  323 	.db #0x30	; 48	'0'
   0116 00                  324 	.db #0x00	; 0
   0117 AA                  325 	.db #0xaa	; 170
   0118 55                  326 	.db #0x55	; 85	'U'
   0119 00                  327 	.db #0x00	; 0
   011A 00                  328 	.db #0x00	; 0
   011B 00                  329 	.db #0x00	; 0
   011C 00                  330 	.db #0x00	; 0
   011D 30                  331 	.db #0x30	; 48	'0'
   011E 00                  332 	.db #0x00	; 0
   011F AA                  333 	.db #0xaa	; 170
   0120 55                  334 	.db #0x55	; 85	'U'
   0121 00                  335 	.db #0x00	; 0
   0122 00                  336 	.db #0x00	; 0
   0123 00                  337 	.db #0x00	; 0
   0124 00                  338 	.db #0x00	; 0
   0125 10                  339 	.db #0x10	; 16
   0126 00                  340 	.db #0x00	; 0
   0127 AA                  341 	.db #0xaa	; 170
   0128 55                  342 	.db #0x55	; 85	'U'
   0129 00                  343 	.db #0x00	; 0
   012A 00                  344 	.db #0x00	; 0
   012B 00                  345 	.db #0x00	; 0
   012C 00                  346 	.db #0x00	; 0
   012D 10                  347 	.db #0x10	; 16
   012E 00                  348 	.db #0x00	; 0
   012F AA                  349 	.db #0xaa	; 170
   0130 55                  350 	.db #0x55	; 85	'U'
   0131 00                  351 	.db #0x00	; 0
   0132 00                  352 	.db #0x00	; 0
   0133 00                  353 	.db #0x00	; 0
   0134 00                  354 	.db #0x00	; 0
   0135 00                  355 	.db #0x00	; 0
   0136 00                  356 	.db #0x00	; 0
   0137 AA                  357 	.db #0xaa	; 170
   0138 55                  358 	.db #0x55	; 85	'U'
   0139 00                  359 	.db #0x00	; 0
   013A 00                  360 	.db #0x00	; 0
   013B 00                  361 	.db #0x00	; 0
   013C 00                  362 	.db #0x00	; 0
   013D 00                  363 	.db #0x00	; 0
   013E 00                  364 	.db #0x00	; 0
   013F AA                  365 	.db #0xaa	; 170
   0140 04                  366 	.db #0x04	; 4
   0141 FF                  367 	.db #0xff	; 255
   0142 FF                  368 	.db #0xff	; 255
   0143 FF                  369 	.db #0xff	; 255
   0144 FF                  370 	.db #0xff	; 255
   0145 FF                  371 	.db #0xff	; 255
   0146 FF                  372 	.db #0xff	; 255
   0147 08                  373 	.db #0x08	; 8
   0148                     374 _s_cards_1:
   0148 14                  375 	.db #0x14	; 20
   0149 F0                  376 	.db #0xf0	; 240
   014A A0                  377 	.db #0xa0	; 160
   014B 00                  378 	.db #0x00	; 0
   014C 00                  379 	.db #0x00	; 0
   014D 00                  380 	.db #0x00	; 0
   014E 00                  381 	.db #0x00	; 0
   014F 00                  382 	.db #0x00	; 0
   0150 78                  383 	.db #0x78	; 120	'x'
   0151 F0                  384 	.db #0xf0	; 240
   0152 F0                  385 	.db #0xf0	; 240
   0153 FF                  386 	.db #0xff	; 255
   0154 FF                  387 	.db #0xff	; 255
   0155 FF                  388 	.db #0xff	; 255
   0156 FF                  389 	.db #0xff	; 255
   0157 08                  390 	.db #0x08	; 8
   0158 F0                  391 	.db #0xf0	; 240
   0159 F0                  392 	.db #0xf0	; 240
   015A F0                  393 	.db #0xf0	; 240
   015B 08                  394 	.db #0x08	; 8
   015C 00                  395 	.db #0x00	; 0
   015D 00                  396 	.db #0x00	; 0
   015E 00                  397 	.db #0x00	; 0
   015F AA                  398 	.db #0xaa	; 170
   0160 F0                  399 	.db #0xf0	; 240
   0161 F0                  400 	.db #0xf0	; 240
   0162 F0                  401 	.db #0xf0	; 240
   0163 08                  402 	.db #0x08	; 8
   0164 00                  403 	.db #0x00	; 0
   0165 00                  404 	.db #0x00	; 0
   0166 00                  405 	.db #0x00	; 0
   0167 AA                  406 	.db #0xaa	; 170
   0168 F0                  407 	.db #0xf0	; 240
   0169 F0                  408 	.db #0xf0	; 240
   016A F0                  409 	.db #0xf0	; 240
   016B 08                  410 	.db #0x08	; 8
   016C 00                  411 	.db #0x00	; 0
   016D 00                  412 	.db #0x00	; 0
   016E 00                  413 	.db #0x00	; 0
   016F AA                  414 	.db #0xaa	; 170
   0170 F0                  415 	.db #0xf0	; 240
   0171 F0                  416 	.db #0xf0	; 240
   0172 F0                  417 	.db #0xf0	; 240
   0173 08                  418 	.db #0x08	; 8
   0174 00                  419 	.db #0x00	; 0
   0175 00                  420 	.db #0x00	; 0
   0176 00                  421 	.db #0x00	; 0
   0177 AA                  422 	.db #0xaa	; 170
   0178 F0                  423 	.db #0xf0	; 240
   0179 F0                  424 	.db #0xf0	; 240
   017A F0                  425 	.db #0xf0	; 240
   017B 08                  426 	.db #0x08	; 8
   017C 00                  427 	.db #0x00	; 0
   017D 00                  428 	.db #0x00	; 0
   017E 00                  429 	.db #0x00	; 0
   017F AA                  430 	.db #0xaa	; 170
   0180 50                  431 	.db #0x50	; 80	'P'
   0181 F0                  432 	.db #0xf0	; 240
   0182 A4                  433 	.db #0xa4	; 164
   0183 00                  434 	.db #0x00	; 0
   0184 00                  435 	.db #0x00	; 0
   0185 00                  436 	.db #0x00	; 0
   0186 00                  437 	.db #0x00	; 0
   0187 AA                  438 	.db #0xaa	; 170
   0188 55                  439 	.db #0x55	; 85	'U'
   0189 0C                  440 	.db #0x0c	; 12
   018A 08                  441 	.db #0x08	; 8
   018B 00                  442 	.db #0x00	; 0
   018C 00                  443 	.db #0x00	; 0
   018D 00                  444 	.db #0x00	; 0
   018E 00                  445 	.db #0x00	; 0
   018F AA                  446 	.db #0xaa	; 170
   0190 55                  447 	.db #0x55	; 85	'U'
   0191 00                  448 	.db #0x00	; 0
   0192 00                  449 	.db #0x00	; 0
   0193 00                  450 	.db #0x00	; 0
   0194 00                  451 	.db #0x00	; 0
   0195 00                  452 	.db #0x00	; 0
   0196 00                  453 	.db #0x00	; 0
   0197 AA                  454 	.db #0xaa	; 170
   0198 55                  455 	.db #0x55	; 85	'U'
   0199 00                  456 	.db #0x00	; 0
   019A 00                  457 	.db #0x00	; 0
   019B 00                  458 	.db #0x00	; 0
   019C 00                  459 	.db #0x00	; 0
   019D 00                  460 	.db #0x00	; 0
   019E 00                  461 	.db #0x00	; 0
   019F AA                  462 	.db #0xaa	; 170
   01A0 55                  463 	.db #0x55	; 85	'U'
   01A1 00                  464 	.db #0x00	; 0
   01A2 00                  465 	.db #0x00	; 0
   01A3 00                  466 	.db #0x00	; 0
   01A4 00                  467 	.db #0x00	; 0
   01A5 00                  468 	.db #0x00	; 0
   01A6 00                  469 	.db #0x00	; 0
   01A7 AA                  470 	.db #0xaa	; 170
   01A8 55                  471 	.db #0x55	; 85	'U'
   01A9 00                  472 	.db #0x00	; 0
   01AA 00                  473 	.db #0x00	; 0
   01AB 00                  474 	.db #0x00	; 0
   01AC 00                  475 	.db #0x00	; 0
   01AD 00                  476 	.db #0x00	; 0
   01AE 00                  477 	.db #0x00	; 0
   01AF AA                  478 	.db #0xaa	; 170
   01B0 55                  479 	.db #0x55	; 85	'U'
   01B1 00                  480 	.db #0x00	; 0
   01B2 00                  481 	.db #0x00	; 0
   01B3 04                  482 	.db #0x04	; 4
   01B4 08                  483 	.db #0x08	; 8
   01B5 00                  484 	.db #0x00	; 0
   01B6 00                  485 	.db #0x00	; 0
   01B7 AA                  486 	.db #0xaa	; 170
   01B8 55                  487 	.db #0x55	; 85	'U'
   01B9 00                  488 	.db #0x00	; 0
   01BA 00                  489 	.db #0x00	; 0
   01BB 0C                  490 	.db #0x0c	; 12
   01BC 0C                  491 	.db #0x0c	; 12
   01BD 00                  492 	.db #0x00	; 0
   01BE 00                  493 	.db #0x00	; 0
   01BF AA                  494 	.db #0xaa	; 170
   01C0 55                  495 	.db #0x55	; 85	'U'
   01C1 00                  496 	.db #0x00	; 0
   01C2 04                  497 	.db #0x04	; 4
   01C3 5D                  498 	.db #0x5d	; 93
   01C4 04                  499 	.db #0x04	; 4
   01C5 08                  500 	.db #0x08	; 8
   01C6 00                  501 	.db #0x00	; 0
   01C7 AA                  502 	.db #0xaa	; 170
   01C8 55                  503 	.db #0x55	; 85	'U'
   01C9 00                  504 	.db #0x00	; 0
   01CA 0C                  505 	.db #0x0c	; 12
   01CB AE                  506 	.db #0xae	; 174
   01CC 08                  507 	.db #0x08	; 8
   01CD 0C                  508 	.db #0x0c	; 12
   01CE 00                  509 	.db #0x00	; 0
   01CF AA                  510 	.db #0xaa	; 170
   01D0 55                  511 	.db #0x55	; 85	'U'
   01D1 00                  512 	.db #0x00	; 0
   01D2 08                  513 	.db #0x08	; 8
   01D3 0C                  514 	.db #0x0c	; 12
   01D4 0C                  515 	.db #0x0c	; 12
   01D5 04                  516 	.db #0x04	; 4
   01D6 00                  517 	.db #0x00	; 0
   01D7 AA                  518 	.db #0xaa	; 170
   01D8 55                  519 	.db #0x55	; 85	'U'
   01D9 00                  520 	.db #0x00	; 0
   01DA 08                  521 	.db #0x08	; 8
   01DB 0C                  522 	.db #0x0c	; 12
   01DC 0C                  523 	.db #0x0c	; 12
   01DD 04                  524 	.db #0x04	; 4
   01DE 00                  525 	.db #0x00	; 0
   01DF AA                  526 	.db #0xaa	; 170
   01E0 55                  527 	.db #0x55	; 85	'U'
   01E1 04                  528 	.db #0x04	; 4
   01E2 5D                  529 	.db #0x5d	; 93
   01E3 0C                  530 	.db #0x0c	; 12
   01E4 0C                  531 	.db #0x0c	; 12
   01E5 04                  532 	.db #0x04	; 4
   01E6 08                  533 	.db #0x08	; 8
   01E7 AA                  534 	.db #0xaa	; 170
   01E8 55                  535 	.db #0x55	; 85	'U'
   01E9 04                  536 	.db #0x04	; 4
   01EA AE                  537 	.db #0xae	; 174
   01EB 0C                  538 	.db #0x0c	; 12
   01EC 0C                  539 	.db #0x0c	; 12
   01ED 08                  540 	.db #0x08	; 8
   01EE 08                  541 	.db #0x08	; 8
   01EF AA                  542 	.db #0xaa	; 170
   01F0 55                  543 	.db #0x55	; 85	'U'
   01F1 04                  544 	.db #0x04	; 4
   01F2 AE                  545 	.db #0xae	; 174
   01F3 0C                  546 	.db #0x0c	; 12
   01F4 0C                  547 	.db #0x0c	; 12
   01F5 08                  548 	.db #0x08	; 8
   01F6 08                  549 	.db #0x08	; 8
   01F7 AA                  550 	.db #0xaa	; 170
   01F8 55                  551 	.db #0x55	; 85	'U'
   01F9 04                  552 	.db #0x04	; 4
   01FA 04                  553 	.db #0x04	; 4
   01FB 0C                  554 	.db #0x0c	; 12
   01FC 0C                  555 	.db #0x0c	; 12
   01FD 08                  556 	.db #0x08	; 8
   01FE 08                  557 	.db #0x08	; 8
   01FF AA                  558 	.db #0xaa	; 170
   0200 55                  559 	.db #0x55	; 85	'U'
   0201 04                  560 	.db #0x04	; 4
   0202 04                  561 	.db #0x04	; 4
   0203 5D                  562 	.db #0x5d	; 93
   0204 04                  563 	.db #0x04	; 4
   0205 08                  564 	.db #0x08	; 8
   0206 08                  565 	.db #0x08	; 8
   0207 AA                  566 	.db #0xaa	; 170
   0208 55                  567 	.db #0x55	; 85	'U'
   0209 04                  568 	.db #0x04	; 4
   020A 04                  569 	.db #0x04	; 4
   020B 08                  570 	.db #0x08	; 8
   020C 04                  571 	.db #0x04	; 4
   020D 08                  572 	.db #0x08	; 8
   020E 08                  573 	.db #0x08	; 8
   020F AA                  574 	.db #0xaa	; 170
   0210 55                  575 	.db #0x55	; 85	'U'
   0211 04                  576 	.db #0x04	; 4
   0212 04                  577 	.db #0x04	; 4
   0213 08                  578 	.db #0x08	; 8
   0214 04                  579 	.db #0x04	; 4
   0215 08                  580 	.db #0x08	; 8
   0216 08                  581 	.db #0x08	; 8
   0217 AA                  582 	.db #0xaa	; 170
   0218 55                  583 	.db #0x55	; 85	'U'
   0219 04                  584 	.db #0x04	; 4
   021A 04                  585 	.db #0x04	; 4
   021B 0C                  586 	.db #0x0c	; 12
   021C 0C                  587 	.db #0x0c	; 12
   021D 08                  588 	.db #0x08	; 8
   021E 08                  589 	.db #0x08	; 8
   021F AA                  590 	.db #0xaa	; 170
   0220 55                  591 	.db #0x55	; 85	'U'
   0221 04                  592 	.db #0x04	; 4
   0222 04                  593 	.db #0x04	; 4
   0223 0C                  594 	.db #0x0c	; 12
   0224 0C                  595 	.db #0x0c	; 12
   0225 08                  596 	.db #0x08	; 8
   0226 08                  597 	.db #0x08	; 8
   0227 AA                  598 	.db #0xaa	; 170
   0228 55                  599 	.db #0x55	; 85	'U'
   0229 04                  600 	.db #0x04	; 4
   022A 04                  601 	.db #0x04	; 4
   022B 0C                  602 	.db #0x0c	; 12
   022C 0C                  603 	.db #0x0c	; 12
   022D 08                  604 	.db #0x08	; 8
   022E 08                  605 	.db #0x08	; 8
   022F AA                  606 	.db #0xaa	; 170
   0230 55                  607 	.db #0x55	; 85	'U'
   0231 04                  608 	.db #0x04	; 4
   0232 08                  609 	.db #0x08	; 8
   0233 0C                  610 	.db #0x0c	; 12
   0234 0C                  611 	.db #0x0c	; 12
   0235 04                  612 	.db #0x04	; 4
   0236 08                  613 	.db #0x08	; 8
   0237 AA                  614 	.db #0xaa	; 170
   0238 55                  615 	.db #0x55	; 85	'U'
   0239 00                  616 	.db #0x00	; 0
   023A 08                  617 	.db #0x08	; 8
   023B 0C                  618 	.db #0x0c	; 12
   023C 0C                  619 	.db #0x0c	; 12
   023D 04                  620 	.db #0x04	; 4
   023E 00                  621 	.db #0x00	; 0
   023F AA                  622 	.db #0xaa	; 170
   0240 55                  623 	.db #0x55	; 85	'U'
   0241 00                  624 	.db #0x00	; 0
   0242 08                  625 	.db #0x08	; 8
   0243 0C                  626 	.db #0x0c	; 12
   0244 0C                  627 	.db #0x0c	; 12
   0245 04                  628 	.db #0x04	; 4
   0246 00                  629 	.db #0x00	; 0
   0247 AA                  630 	.db #0xaa	; 170
   0248 55                  631 	.db #0x55	; 85	'U'
   0249 00                  632 	.db #0x00	; 0
   024A 0C                  633 	.db #0x0c	; 12
   024B 04                  634 	.db #0x04	; 4
   024C 08                  635 	.db #0x08	; 8
   024D 0C                  636 	.db #0x0c	; 12
   024E 00                  637 	.db #0x00	; 0
   024F AA                  638 	.db #0xaa	; 170
   0250 55                  639 	.db #0x55	; 85	'U'
   0251 00                  640 	.db #0x00	; 0
   0252 04                  641 	.db #0x04	; 4
   0253 08                  642 	.db #0x08	; 8
   0254 04                  643 	.db #0x04	; 4
   0255 08                  644 	.db #0x08	; 8
   0256 00                  645 	.db #0x00	; 0
   0257 AA                  646 	.db #0xaa	; 170
   0258 55                  647 	.db #0x55	; 85	'U'
   0259 00                  648 	.db #0x00	; 0
   025A 00                  649 	.db #0x00	; 0
   025B 0C                  650 	.db #0x0c	; 12
   025C 0C                  651 	.db #0x0c	; 12
   025D 00                  652 	.db #0x00	; 0
   025E 00                  653 	.db #0x00	; 0
   025F AA                  654 	.db #0xaa	; 170
   0260 55                  655 	.db #0x55	; 85	'U'
   0261 00                  656 	.db #0x00	; 0
   0262 00                  657 	.db #0x00	; 0
   0263 04                  658 	.db #0x04	; 4
   0264 08                  659 	.db #0x08	; 8
   0265 00                  660 	.db #0x00	; 0
   0266 00                  661 	.db #0x00	; 0
   0267 AA                  662 	.db #0xaa	; 170
   0268 55                  663 	.db #0x55	; 85	'U'
   0269 00                  664 	.db #0x00	; 0
   026A 00                  665 	.db #0x00	; 0
   026B 00                  666 	.db #0x00	; 0
   026C 00                  667 	.db #0x00	; 0
   026D 00                  668 	.db #0x00	; 0
   026E 00                  669 	.db #0x00	; 0
   026F AA                  670 	.db #0xaa	; 170
   0270 55                  671 	.db #0x55	; 85	'U'
   0271 00                  672 	.db #0x00	; 0
   0272 00                  673 	.db #0x00	; 0
   0273 00                  674 	.db #0x00	; 0
   0274 00                  675 	.db #0x00	; 0
   0275 00                  676 	.db #0x00	; 0
   0276 00                  677 	.db #0x00	; 0
   0277 AA                  678 	.db #0xaa	; 170
   0278 55                  679 	.db #0x55	; 85	'U'
   0279 00                  680 	.db #0x00	; 0
   027A 00                  681 	.db #0x00	; 0
   027B 00                  682 	.db #0x00	; 0
   027C 00                  683 	.db #0x00	; 0
   027D 00                  684 	.db #0x00	; 0
   027E 00                  685 	.db #0x00	; 0
   027F AA                  686 	.db #0xaa	; 170
   0280 55                  687 	.db #0x55	; 85	'U'
   0281 00                  688 	.db #0x00	; 0
   0282 00                  689 	.db #0x00	; 0
   0283 00                  690 	.db #0x00	; 0
   0284 00                  691 	.db #0x00	; 0
   0285 00                  692 	.db #0x00	; 0
   0286 00                  693 	.db #0x00	; 0
   0287 AA                  694 	.db #0xaa	; 170
   0288 04                  695 	.db #0x04	; 4
   0289 FF                  696 	.db #0xff	; 255
   028A FF                  697 	.db #0xff	; 255
   028B FF                  698 	.db #0xff	; 255
   028C FF                  699 	.db #0xff	; 255
   028D FF                  700 	.db #0xff	; 255
   028E FF                  701 	.db #0xff	; 255
   028F 08                  702 	.db #0x08	; 8
                            703 	.area _INITIALIZER
                            704 	.area _CABS (ABS)
