                              1 ;--------------------------------------------------------
                              2 ; File Created by SDCC : free open source ANSI-C Compiler
                              3 ; Version 3.6.8 #9946 (Linux)
                              4 ;--------------------------------------------------------
                              5 	.module costs
                              6 	.optsdcc -mz80
                              7 	
                              8 ;--------------------------------------------------------
                              9 ; Public variables in this module
                             10 ;--------------------------------------------------------
                             11 	.globl _s_costs_5
                             12 	.globl _s_costs_4
                             13 	.globl _s_costs_3
                             14 	.globl _s_costs_2
                             15 	.globl _s_costs_1
                             16 	.globl _s_costs_0
                             17 ;--------------------------------------------------------
                             18 ; special function registers
                             19 ;--------------------------------------------------------
                             20 ;--------------------------------------------------------
                             21 ; ram data
                             22 ;--------------------------------------------------------
                             23 	.area _DATA
                             24 ;--------------------------------------------------------
                             25 ; ram data
                             26 ;--------------------------------------------------------
                             27 	.area _INITIALIZED
                             28 ;--------------------------------------------------------
                             29 ; absolute external ram data
                             30 ;--------------------------------------------------------
                             31 	.area _DABS (ABS)
                             32 ;--------------------------------------------------------
                             33 ; global & static initialisations
                             34 ;--------------------------------------------------------
                             35 	.area _HOME
                             36 	.area _GSINIT
                             37 	.area _GSFINAL
                             38 	.area _GSINIT
                             39 ;--------------------------------------------------------
                             40 ; Home
                             41 ;--------------------------------------------------------
                             42 	.area _HOME
                             43 	.area _HOME
                             44 ;--------------------------------------------------------
                             45 ; code
                             46 ;--------------------------------------------------------
                             47 	.area _CODE
                             48 	.area _CODE
   0000                      49 _s_costs_0:
   0000 F5                   50 	.db #0xf5	; 245
   0001 F0                   51 	.db #0xf0	; 240
   0002 F5                   52 	.db #0xf5	; 245
   0003 F0                   53 	.db #0xf0	; 240
   0004 F5                   54 	.db #0xf5	; 245
   0005 F0                   55 	.db #0xf0	; 240
   0006 F5                   56 	.db #0xf5	; 245
   0007 F0                   57 	.db #0xf0	; 240
   0008 F5                   58 	.db #0xf5	; 245
   0009 F0                   59 	.db #0xf0	; 240
   000A F5                   60 	.db #0xf5	; 245
   000B F0                   61 	.db #0xf0	; 240
   000C                      62 _s_costs_1:
   000C FF                   63 	.db #0xff	; 255
   000D FA                   64 	.db #0xfa	; 250
   000E F0                   65 	.db #0xf0	; 240
   000F FA                   66 	.db #0xfa	; 250
   0010 FF                   67 	.db #0xff	; 255
   0011 FA                   68 	.db #0xfa	; 250
   0012 FA                   69 	.db #0xfa	; 250
   0013 F0                   70 	.db #0xf0	; 240
   0014 FA                   71 	.db #0xfa	; 250
   0015 F0                   72 	.db #0xf0	; 240
   0016 FF                   73 	.db #0xff	; 255
   0017 FA                   74 	.db #0xfa	; 250
   0018                      75 _s_costs_2:
   0018 FF                   76 	.db #0xff	; 255
   0019 FA                   77 	.db #0xfa	; 250
   001A F0                   78 	.db #0xf0	; 240
   001B FA                   79 	.db #0xfa	; 250
   001C F0                   80 	.db #0xf0	; 240
   001D FA                   81 	.db #0xfa	; 250
   001E F5                   82 	.db #0xf5	; 245
   001F FA                   83 	.db #0xfa	; 250
   0020 F0                   84 	.db #0xf0	; 240
   0021 FA                   85 	.db #0xfa	; 250
   0022 FF                   86 	.db #0xff	; 255
   0023 FA                   87 	.db #0xfa	; 250
   0024                      88 _s_costs_3:
   0024 FA                   89 	.db #0xfa	; 250
   0025 FA                   90 	.db #0xfa	; 250
   0026 FA                   91 	.db #0xfa	; 250
   0027 FA                   92 	.db #0xfa	; 250
   0028 FA                   93 	.db #0xfa	; 250
   0029 FA                   94 	.db #0xfa	; 250
   002A FF                   95 	.db #0xff	; 255
   002B FA                   96 	.db #0xfa	; 250
   002C F0                   97 	.db #0xf0	; 240
   002D FA                   98 	.db #0xfa	; 250
   002E F0                   99 	.db #0xf0	; 240
   002F FA                  100 	.db #0xfa	; 250
   0030                     101 _s_costs_4:
   0030 FF                  102 	.db #0xff	; 255
   0031 FA                  103 	.db #0xfa	; 250
   0032 FA                  104 	.db #0xfa	; 250
   0033 F0                  105 	.db #0xf0	; 240
   0034 FF                  106 	.db #0xff	; 255
   0035 FA                  107 	.db #0xfa	; 250
   0036 F0                  108 	.db #0xf0	; 240
   0037 FA                  109 	.db #0xfa	; 250
   0038 F0                  110 	.db #0xf0	; 240
   0039 FA                  111 	.db #0xfa	; 250
   003A FF                  112 	.db #0xff	; 255
   003B FA                  113 	.db #0xfa	; 250
   003C                     114 _s_costs_5:
   003C FF                  115 	.db #0xff	; 255
   003D FA                  116 	.db #0xfa	; 250
   003E FA                  117 	.db #0xfa	; 250
   003F F0                  118 	.db #0xf0	; 240
   0040 FF                  119 	.db #0xff	; 255
   0041 FA                  120 	.db #0xfa	; 250
   0042 FA                  121 	.db #0xfa	; 250
   0043 FA                  122 	.db #0xfa	; 250
   0044 FA                  123 	.db #0xfa	; 250
   0045 FA                  124 	.db #0xfa	; 250
   0046 FF                  125 	.db #0xff	; 255
   0047 FA                  126 	.db #0xfa	; 250
                            127 	.area _INITIALIZER
                            128 	.area _CABS (ABS)
